2025-04-05 14:04:02,562 - guancha - INFO - 开始运行爬虫 guancha
2025-04-05 14:04:02,562 - guancha - INFO - 启动主动更新模式
2025-04-05 14:04:02,562 - guancha - INFO - 数据库中没有找到新闻，将爬取所有新闻
2025-04-05 14:04:02,562 - guancha - INFO - 获取首页最新新闻链接
2025-04-05 14:04:04,701 - guancha - INFO - 从 https://www.guancha.cn 找到 0 条未访问的新闻链接
2025-04-05 14:04:04,704 - guancha - INFO - 更新模式共加入 1 个URL到队列
2025-04-05 14:04:04,704 - guancha - INFO - 更新任务完成，共爬取 0 条新闻
2025-04-05 14:04:04,705 - guancha - INFO - 保存已访问URL: 0个
2025-04-05 14:04:04,705 - guancha - INFO - 爬虫 guancha 完成清理工作
2025-04-05 14:04:47,008 - guancha - INFO - 加载已访问URL: 0个
2025-04-05 14:04:47,008 - guancha - INFO - 开始运行爬虫 guancha
2025-04-05 14:04:47,008 - guancha - INFO - 启动主动更新模式
2025-04-05 14:04:47,011 - guancha - INFO - 数据库中没有找到新闻，将爬取所有新闻
2025-04-05 14:04:47,011 - guancha - INFO - 获取首页最新新闻链接
2025-04-05 14:04:49,201 - guancha - INFO - 从 https://www.guancha.cn 找到 0 条未访问的新闻链接
2025-04-05 14:04:49,203 - guancha - INFO - 更新模式共加入 1 个URL到队列
2025-04-05 14:04:49,204 - guancha - INFO - 更新任务完成，共爬取 0 条新闻
2025-04-05 14:04:49,204 - guancha - INFO - 保存已访问URL: 0个
2025-04-05 14:04:49,204 - guancha - INFO - 爬虫 guancha 完成清理工作
2025-04-05 14:04:51,936 - guancha - INFO - 加载已访问URL: 0个
2025-04-05 14:04:51,936 - guancha - INFO - 开始运行爬虫 guancha
2025-04-05 14:04:51,936 - guancha - INFO - 启动主动更新模式
2025-04-05 14:04:51,937 - guancha - INFO - 数据库中没有找到新闻，将爬取所有新闻
2025-04-05 14:04:51,937 - guancha - INFO - 获取首页最新新闻链接
2025-04-05 14:04:53,106 - guancha - INFO - 从 https://www.guancha.cn 找到 0 条未访问的新闻链接
2025-04-05 14:04:53,107 - guancha - INFO - 更新模式共加入 1 个URL到队列
2025-04-05 14:04:53,108 - guancha - INFO - 更新任务完成，共爬取 0 条新闻
2025-04-05 14:04:53,108 - guancha - INFO - 保存已访问URL: 0个
2025-04-05 14:04:53,108 - guancha - INFO - 爬虫 guancha 完成清理工作
2025-04-05 14:06:04,350 - guancha - INFO - 加载已访问URL: 0个
2025-04-05 14:06:04,351 - guancha - INFO - 开始运行爬虫 guancha
2025-04-05 14:06:04,351 - guancha - INFO - 启动主动更新模式
2025-04-05 14:06:04,352 - guancha - INFO - 数据库中没有找到新闻，将爬取所有新闻
2025-04-05 14:06:04,352 - guancha - INFO - 获取首页最新新闻链接
2025-04-05 14:06:07,320 - guancha - INFO - 从 https://www.guancha.cn 找到 0 条未访问的新闻链接
2025-04-05 14:06:07,322 - guancha - INFO - 更新模式共加入 1 个URL到队列
2025-04-05 14:06:07,322 - guancha - INFO - 更新任务完成，共爬取 0 条新闻
2025-04-05 14:06:07,322 - guancha - INFO - 保存已访问URL: 0个
2025-04-05 14:06:07,322 - guancha - INFO - 爬虫 guancha 完成清理工作
2025-04-05 14:06:58,398 - guancha - INFO - 加载已访问URL: 0个
2025-04-05 14:06:58,398 - guancha - INFO - 开始运行爬虫 guancha
2025-04-05 14:06:58,398 - guancha - INFO - 启动主动更新模式
2025-04-05 14:06:58,402 - guancha - INFO - 数据库中没有找到新闻，将爬取所有新闻
2025-04-05 14:06:58,402 - guancha - INFO - 获取首页最新新闻链接
2025-04-05 14:07:00,711 - guancha - INFO - 从 https://www.guancha.cn 找到 0 条未访问的新闻链接
2025-04-05 14:07:00,713 - guancha - INFO - 更新模式共加入 1 个URL到队列
2025-04-05 14:07:00,714 - guancha - INFO - 更新任务完成，共爬取 0 条新闻
2025-04-05 14:07:00,714 - guancha - INFO - 保存已访问URL: 0个
2025-04-05 14:07:00,714 - guancha - INFO - 爬虫 guancha 完成清理工作
2025-04-05 14:08:16,155 - guancha - INFO - 加载已访问URL: 0个
2025-04-05 14:08:16,155 - guancha - INFO - 开始运行爬虫 guancha
2025-04-05 14:08:16,156 - guancha - INFO - 启动主动更新模式
2025-04-05 14:08:16,157 - guancha - INFO - 数据库中没有找到新闻，将爬取所有新闻
2025-04-05 14:08:16,157 - guancha - INFO - 获取首页最新新闻链接
2025-04-05 14:08:17,803 - guancha - INFO - 从 https://www.guancha.cn 找到 0 条未访问的新闻链接
2025-04-05 14:08:17,805 - guancha - INFO - 更新模式共加入 1 个URL到队列
2025-04-05 14:08:17,806 - guancha - INFO - 更新任务完成，共爬取 0 条新闻
2025-04-05 14:08:17,806 - guancha - INFO - 保存已访问URL: 0个
2025-04-05 14:08:17,806 - guancha - INFO - 爬虫 guancha 完成清理工作
2025-04-05 14:08:43,927 - guancha - INFO - 加载已访问URL: 0个
2025-04-05 14:08:43,928 - guancha - INFO - 开始运行爬虫 guancha
2025-04-05 14:08:43,928 - guancha - INFO - 启动主动更新模式
2025-04-05 14:08:43,929 - guancha - INFO - 数据库中没有找到新闻，将爬取所有新闻
2025-04-05 14:08:43,929 - guancha - INFO - 获取首页最新新闻链接
2025-04-05 14:08:45,400 - guancha - INFO - 从 https://www.guancha.cn 找到 0 条未访问的新闻链接
2025-04-05 14:08:45,403 - guancha - INFO - 更新模式共加入 1 个URL到队列
2025-04-05 14:08:45,403 - guancha - INFO - 更新任务完成，共爬取 0 条新闻
2025-04-05 14:08:45,404 - guancha - INFO - 保存已访问URL: 0个
2025-04-05 14:08:45,404 - guancha - INFO - 爬虫 guancha 完成清理工作
2025-04-05 14:10:20,788 - guancha - INFO - 加载已访问URL: 0个
2025-04-05 14:10:20,788 - guancha - INFO - 开始运行爬虫 guancha
2025-04-05 14:10:20,788 - guancha - INFO - 启动主动更新模式
2025-04-05 14:10:20,791 - guancha - INFO - 数据库中没有找到新闻，将爬取所有新闻
2025-04-05 14:10:20,791 - guancha - INFO - 获取首页最新新闻链接
2025-04-05 14:10:22,854 - guancha - INFO - 从 https://www.guancha.cn 找到 0 条未访问的新闻链接
2025-04-05 14:10:22,856 - guancha - INFO - 更新模式共加入 1 个URL到队列
2025-04-05 14:10:22,857 - guancha - INFO - 更新任务完成，共爬取 0 条新闻
2025-04-05 14:10:22,857 - guancha - INFO - 保存已访问URL: 0个
2025-04-05 14:10:22,857 - guancha - INFO - 爬虫 guancha 完成清理工作
2025-04-05 14:12:31,398 - guancha - INFO - 加载已访问URL: 0个
2025-04-05 14:12:31,399 - guancha - INFO - 开始运行爬虫 guancha
2025-04-05 14:12:31,399 - guancha - INFO - 启动主动更新模式
2025-04-05 14:12:31,401 - guancha - INFO - 数据库中最新新闻时间: 2025-04-04 11:33:55
2025-04-05 14:12:31,401 - guancha - INFO - 获取首页最新新闻链接
2025-04-05 14:12:33,265 - guancha - INFO - 从 https://www.guancha.cn 找到 0 条未访问的新闻链接
2025-04-05 14:12:33,267 - guancha - INFO - 更新模式共加入 1 个URL到队列
2025-04-05 14:12:33,267 - guancha - INFO - 更新任务完成，共爬取 0 条新闻
2025-04-05 14:12:33,268 - guancha - INFO - 保存已访问URL: 0个
2025-04-05 14:12:33,268 - guancha - INFO - 爬虫 guancha 完成清理工作
2025-04-05 14:12:47,218 - guancha - INFO - 加载已访问URL: 0个
2025-04-05 14:12:47,218 - guancha - INFO - 开始运行爬虫 guancha
2025-04-05 14:12:47,218 - guancha - INFO - 启动主动更新模式
2025-04-05 14:12:47,219 - guancha - INFO - 数据库中最新新闻时间: 2025-04-04 11:33:55
2025-04-05 14:12:47,219 - guancha - INFO - 获取首页最新新闻链接
2025-04-05 14:12:48,870 - guancha - INFO - 从 https://www.guancha.cn 找到 1 条原始新闻链接
2025-04-05 14:12:48,870 - guancha - INFO - 从 https://www.guancha.cn 找到 0 条未访问的新闻链接
2025-04-05 14:12:48,872 - guancha - INFO - 更新模式共加入 1 个URL到队列
2025-04-05 14:12:48,873 - guancha - INFO - 更新任务完成，共爬取 0 条新闻
2025-04-05 14:12:48,873 - guancha - INFO - 保存已访问URL: 0个
2025-04-05 14:12:48,873 - guancha - INFO - 爬虫 guancha 完成清理工作
2025-04-05 14:12:58,812 - guancha - INFO - 加载已访问URL: 0个
2025-04-05 14:12:58,812 - guancha - INFO - 开始运行爬虫 guancha
2025-04-05 14:12:58,812 - guancha - INFO - 启动主动更新模式
2025-04-05 14:12:58,814 - guancha - INFO - 数据库中最新新闻时间: 2025-04-04 11:33:55
2025-04-05 14:12:58,814 - guancha - INFO - 获取首页最新新闻链接
2025-04-05 14:13:01,264 - guancha - INFO - 从 https://www.guancha.cn 找到 1 条原始新闻链接
2025-04-05 14:13:01,264 - guancha - INFO - 从 https://www.guancha.cn 找到 0 条未访问的新闻链接
2025-04-05 14:13:01,266 - guancha - INFO - 更新模式共加入 0 个URL到队列
2025-04-05 14:13:01,266 - guancha - INFO - 没有发现新的新闻，更新完成
2025-04-05 14:13:01,266 - guancha - INFO - 保存已访问URL: 0个
2025-04-05 14:13:01,266 - guancha - INFO - 爬虫 guancha 完成清理工作
2025-04-05 14:13:05,265 - guancha - INFO - 加载已访问URL: 0个
2025-04-05 14:13:05,265 - guancha - INFO - 开始运行爬虫 guancha
2025-04-05 14:13:05,265 - guancha - INFO - 启动主动更新模式
2025-04-05 14:13:05,266 - guancha - INFO - 数据库中最新新闻时间: 2025-04-04 11:33:55
2025-04-05 14:13:05,266 - guancha - INFO - 获取首页最新新闻链接
2025-04-05 14:13:07,298 - guancha - INFO - 从 https://www.guancha.cn 找到 1 条原始新闻链接
2025-04-05 14:13:07,298 - guancha - INFO - 从 https://www.guancha.cn 找到 0 条未访问的新闻链接
2025-04-05 14:13:07,299 - guancha - INFO - 获取热门新闻链接
2025-04-05 14:13:09,464 - guancha - INFO - 从 https://www.guancha.cn/hot/ 找到 13 条原始新闻链接
2025-04-05 14:13:09,464 - guancha - INFO - 从 https://www.guancha.cn/hot/ 找到 0 条未访问的新闻链接
2025-04-05 14:13:09,464 - guancha - INFO - 获取最新新闻链接
2025-04-05 14:13:12,304 - guancha - INFO - 从 https://www.guancha.cn/latest/ 找到 1 条原始新闻链接
2025-04-05 14:13:12,304 - guancha - INFO - 从 https://www.guancha.cn/latest/ 找到 0 条未访问的新闻链接
2025-04-05 14:13:12,305 - guancha - INFO - 更新模式共加入 0 个URL到队列
2025-04-05 14:13:12,305 - guancha - INFO - 没有发现新的新闻，更新完成
2025-04-05 14:13:12,306 - guancha - INFO - 保存已访问URL: 0个
2025-04-05 14:13:12,306 - guancha - INFO - 爬虫 guancha 完成清理工作
2025-04-05 14:16:51,131 - guancha - INFO - 加载已访问URL: 0个
2025-04-05 14:16:51,132 - guancha - INFO - 开始运行爬虫 guancha
2025-04-05 14:16:51,132 - guancha - INFO - 启动主动更新模式
2025-04-05 14:16:51,133 - guancha - INFO - 数据库中最新新闻时间: 2025-04-04 11:33:55
2025-04-05 14:16:51,133 - guancha - INFO - 获取首页最新新闻链接
2025-04-05 14:16:53,746 - guancha - INFO - 从 https://www.guancha.cn 找到 1 条原始新闻链接
2025-04-05 14:16:53,746 - guancha - INFO - 从 https://www.guancha.cn 找到 0 条未访问的新闻链接
2025-04-05 14:16:53,748 - guancha - INFO - 获取热门新闻链接
2025-04-05 14:16:56,150 - guancha - INFO - 从 https://www.guancha.cn/hot/ 找到 13 条原始新闻链接
2025-04-05 14:16:56,150 - guancha - INFO - 从 https://www.guancha.cn/hot/ 找到 0 条未访问的新闻链接
2025-04-05 14:16:56,151 - guancha - INFO - 获取最新新闻链接
2025-04-05 14:16:58,146 - guancha - INFO - 从 https://www.guancha.cn/latest/ 找到 1 条原始新闻链接
2025-04-05 14:16:58,146 - guancha - INFO - 从 https://www.guancha.cn/latest/ 找到 0 条未访问的新闻链接
2025-04-05 14:16:58,149 - guancha - INFO - 更新模式共加入 0 个URL到队列
2025-04-05 14:16:58,149 - guancha - INFO - 没有发现新的新闻，更新完成
2025-04-05 14:16:58,150 - guancha - INFO - 保存已访问URL: 0个
2025-04-05 14:16:58,150 - guancha - INFO - 爬虫 guancha 完成清理工作
